<?xml version="1.0" encoding="UTF-8"?>
<!-- Generated by org.testng.reporters.JUnitReportReporter -->
<testsuite skipped="0" hostname="LAPTOP-0H2UAF0N" name="com.webtest.demo.Admin_Login" tests="1" failures="0" timestamp="2020-11-11T11:00:29 CST" time="10.834" errors="0">
  <testcase name="testLogin" time="10.834" classname="com.webtest.demo.Admin_Login"/>
  <system-out/>
</testsuite> <!-- com.webtest.demo.Admin_Login -->
