<?xml version="1.0" encoding="UTF-8"?>
<!-- Generated by org.testng.reporters.JUnitReportReporter -->
<testsuite skipped="0" hostname="LAPTOP-0H2UAF0N" name="com.webtest.demo.Test_Login" tests="1" failures="0" timestamp="2020-11-16T15:14:30 CST" time="16.663" errors="0">
  <testcase name="test10_FindPwd" time="16.663" classname="com.webtest.demo.Test_Login"/>
  <system-out/>
</testsuite> <!-- com.webtest.demo.Test_Login -->
