<?xml version="1.0" encoding="UTF-8"?>
<!-- Generated by org.testng.reporters.JUnitReportReporter -->
<testsuite skipped="0" hostname="LAPTOP-0H2UAF0N" name="com.webtest.demo.Admin_Test" tests="1" failures="0" timestamp="2020-11-16T10:53:24 CST" time="14.542" errors="0">
  <testcase name="test3" time="14.542" classname="com.webtest.demo.Admin_Test"/>
  <system-out/>
</testsuite> <!-- com.webtest.demo.Admin_Test -->
